<?xml version="1.0" ?>
<coverage branch-rate="0" branches-covered="0" branches-valid="0" complexity="0" line-rate="0.7778" lines-covered="7" lines-valid="9" timestamp="1509367337293" version="4.4.1">
	<!-- Generated by coverage.py: https://coverage.readthedocs.io -->
	<!-- Based on https://raw.githubusercontent.com/cobertura/web/master/htdocs/xml/coverage-04.dtd -->
	<sources>
		<source>/Users/emretekinalp/PycharmProjects/MayaPrototypeTool</source>
	</sources>
	<packages>
		<package branch-rate="0" complexity="0" line-rate="0.7778" name=".">
			<classes>
				<class branch-rate="0" complexity="0" filename="test.py" line-rate="0.7778" name="test.py">
					<methods/>
					<lines>
						<line hits="1" number="1"/>
						<line hits="1" number="2"/>
						<line hits="1" number="5"/>
						<line hits="1" number="6"/>
						<line hits="1" number="7"/>
						<line hits="1" number="10"/>
						<line hits="0" number="11"/>
						<line hits="0" number="12"/>
						<line hits="1" number="15"/>
					</lines>
				</class>
			</classes>
		</package>
	</packages>
</coverage>
